Using pre-set license
Built from '2020.3/staging' branch; Version is '2020.3.32f1 (12f8b0834f07) revision 1243312'; Using compiler version '192528614'; Build Type 'Release'
OS: 'Windows 10  (10.0.19044) 64bit EnterpriseS' Language: 'en' Physical Memory: 8083 MB
BatchMode: 1, IsHumanControllingUs: 0, StartBugReporterOnCrash: 0, Is64bit: 1, IsPro: 0

COMMAND LINE ARGUMENTS:
D:\Unity Hub\2020.3.32f1\Editor\Unity.exe
-adb2
-batchMode
-noUpm
-name
AssetImportWorker0
-projectPath
F:/CodeGym/Unity2D_01/towerdefense_cgo_2
-logFile
Logs/AssetImportWorker0.log
-srvPort
52132
Successfully changed project path to: F:/CodeGym/Unity2D_01/towerdefense_cgo_2
F:/CodeGym/Unity2D_01/towerdefense_cgo_2
Using Asset Import Pipeline V2.
Refreshing native plugins compatible for Editor in 85.89 ms, found 3 plugins.
Preloading 0 native plugins for Editor in 0.00 ms.
Initialize engine version: 2020.3.32f1 (12f8b0834f07)
[Subsystems] Discovering subsystems at path D:/Unity Hub/2020.3.32f1/Editor/Data/Resources/UnitySubsystems
[Subsystems] Discovering subsystems at path F:/CodeGym/Unity2D_01/towerdefense_cgo_2/Assets
GfxDevice: creating device client; threaded=0
Direct3D:
    Version:  Direct3D 11.0 [level 11.0]
    Renderer: NVIDIA GeForce 930M (ID=0x1346)
    Vendor:   
    VRAM:     2010 MB
    Driver:   25.21.14.2545
Initialize mono
Mono path[0] = 'D:/Unity Hub/2020.3.32f1/Editor/Data/Managed'
Mono path[1] = 'D:/Unity Hub/2020.3.32f1/Editor/Data/MonoBleedingEdge/lib/mono/unityjit'
Mono config path = 'D:/Unity Hub/2020.3.32f1/Editor/Data/MonoBleedingEdge/etc'
Using monoOptions --debugger-agent=transport=dt_socket,embedding=1,server=y,suspend=n,address=127.0.0.1:56816
Begin MonoManager ReloadAssembly
Registering precompiled unity dll's ...
Register platform support module: D:/Unity Hub/2020.3.32f1/Editor/Data/PlaybackEngines/WindowsStandaloneSupport/UnityEditor.WindowsStandalone.Extensions.dll
Registered in 0.005374 seconds.
Native extension for WindowsStandalone target not found
Refreshing native plugins compatible for Editor in 74.91 ms, found 3 plugins.
Preloading 0 native plugins for Editor in 0.00 ms.
Mono: successfully reloaded assembly
- Completed reload, in  1.121 seconds
Domain Reload Profiling:
	ReloadAssembly (1121ms)
		BeginReloadAssembly (196ms)
			ExecutionOrderSort (0ms)
			DisableScriptedObjects (0ms)
			BackupInstance (0ms)
			ReleaseScriptingObjects (0ms)
			CreateAndSetChildDomain (1ms)
		EndReloadAssembly (803ms)
			LoadAssemblies (194ms)
			RebuildTransferFunctionScriptingTraits (0ms)
			SetupTypeCache (316ms)
			ReleaseScriptCaches (0ms)
			RebuildScriptCaches (46ms)
			SetupLoadedEditorAssemblies (273ms)
				LogAssemblyErrors (0ms)
				InitializePlatformSupportModulesInManaged (6ms)
				SetLoadedEditorAssemblies (1ms)
				RefreshPlugins (75ms)
				BeforeProcessingInitializeOnLoad (27ms)
				ProcessInitializeOnLoadAttributes (121ms)
				ProcessInitializeOnLoadMethodAttributes (42ms)
				AfterProcessingInitializeOnLoad (0ms)
				EditorAssembliesLoaded (0ms)
			ExecutionOrderSort2 (0ms)
			AwakeInstancesAfterBackupRestoration (0ms)
Platform modules already initialized, skipping
Registering precompiled user dll's ...
Registered in 0.012776 seconds.
Begin MonoManager ReloadAssembly
Native extension for WindowsStandalone target not found
Refreshing native plugins compatible for Editor in 76.99 ms, found 3 plugins.
Preloading 0 native plugins for Editor in 0.00 ms.
Mono: successfully reloaded assembly
- Completed reload, in  2.172 seconds
Domain Reload Profiling:
	ReloadAssembly (2174ms)
		BeginReloadAssembly (246ms)
			ExecutionOrderSort (0ms)
			DisableScriptedObjects (7ms)
			BackupInstance (0ms)
			ReleaseScriptingObjects (0ms)
			CreateAndSetChildDomain (27ms)
		EndReloadAssembly (1815ms)
			LoadAssemblies (239ms)
			RebuildTransferFunctionScriptingTraits (0ms)
			SetupTypeCache (458ms)
			ReleaseScriptCaches (1ms)
			RebuildScriptCaches (100ms)
			SetupLoadedEditorAssemblies (801ms)
				LogAssemblyErrors (0ms)
				InitializePlatformSupportModulesInManaged (4ms)
				SetLoadedEditorAssemblies (0ms)
				RefreshPlugins (77ms)
				BeforeProcessingInitializeOnLoad (190ms)
				ProcessInitializeOnLoadAttributes (470ms)
				ProcessInitializeOnLoadMethodAttributes (51ms)
				AfterProcessingInitializeOnLoad (7ms)
				EditorAssembliesLoaded (1ms)
			ExecutionOrderSort2 (0ms)
			AwakeInstancesAfterBackupRestoration (19ms)
Platform modules already initialized, skipping
========================================================================
Worker process is ready to serve import requests
Launched and connected shader compiler UnityShaderCompiler.exe after 0.09 seconds
Refreshing native plugins compatible for Editor in 0.98 ms, found 3 plugins.
Preloading 0 native plugins for Editor in 0.00 ms.
Unloading 2254 Unused Serialized files (Serialized files now loaded: 0)
System memory in use before: 100.1 MB.
System memory in use after: 100.0 MB.

Unloading 31 unused Assets to reduce memory usage. Loaded Objects now: 2686.
Total: 5.392500 ms (FindLiveObjects: 0.211700 ms CreateObjectMapping: 0.129900 ms MarkObjects: 4.794200 ms  DeleteObjects: 0.254900 ms)

AssetImportParameters requested are different than current active one (requested -> active):
  custom:framework-win-MediaFoundation: 216162199b28c13a410421893ffa2e32 -> 
  custom:video-decoder-ogg-theora: a1e56fd34408186e4bbccfd4996cb3dc -> 
  custom:container-muxer-webm: aa71ff27fc2769a1b78a27578f13a17b -> 
  custom:container-demuxer-webm: 4f35f7cbe854078d1ac9338744f61a02 -> 
  custom:container-demuxer-ogg: 62fdf1f143b41e24485cea50d1cbac27 -> 
  custom:video-encoder-webm-vp8: eb34c28f22e8b96e1ab97ce403110664 -> 
  custom:video-decoder-webm-vp8: 9c59270c3fd7afecdb556c50c9e8de78 -> 
  custom:audio-decoder-ogg-vorbis: bf7c407c2cedff20999df2af8eb42d56 -> 
  custom:audio-encoder-webm-vorbis: bf7c407c2cedff20999df2af8eb42d56 -> 
========================================================================
Received Import Request.
  path: Assets/TowerDefense/Textures/Square.png
  artifactKey: Guid(c883e08b12b417541b5d58c3947b26eb) Importer(815301076,1909f56bfc062723c751e8b465ee728b)
Start importing Assets/TowerDefense/Textures/Square.png using Guid(c883e08b12b417541b5d58c3947b26eb) Importer(815301076,1909f56bfc062723c751e8b465ee728b)  -> (artifact id: '625039de4a3e761b23aa0b7291fd2a2c') in 0.180151 seconds 
========================================================================
Received Import Request.
  Time since last request: 2.379449 seconds.
  path: Assets/TowerDefense/Textures/Sprites/Towers/attack_range.png
  artifactKey: Guid(2f66d3399a7ea48449ce2d061a37d75e) Importer(815301076,1909f56bfc062723c751e8b465ee728b)
Start importing Assets/TowerDefense/Textures/Sprites/Towers/attack_range.png using Guid(2f66d3399a7ea48449ce2d061a37d75e) Importer(815301076,1909f56bfc062723c751e8b465ee728b)  -> (artifact id: '187c69bf8911f076797022a38eab1a06') in 0.046983 seconds 
========================================================================
Received Import Request.
  Time since last request: 0.000408 seconds.
  path: Assets/TowerDefense/Textures/Sprites/Towers/Sale_button_01.png
  artifactKey: Guid(33da61787b03b6245b880af83999b50e) Importer(815301076,1909f56bfc062723c751e8b465ee728b)
Start importing Assets/TowerDefense/Textures/Sprites/Towers/Sale_button_01.png using Guid(33da61787b03b6245b880af83999b50e) Importer(815301076,1909f56bfc062723c751e8b465ee728b)  -> (artifact id: '3139b6be75a65d1418bb7dd585cbf547') in 0.060762 seconds 
========================================================================
Received Import Request.
  Time since last request: 0.000411 seconds.
  path: Assets/TowerDefense/Textures/Sprites/Towers/Unknown.png
  artifactKey: Guid(ff443afbf318bd34d8be87da1fcd1e7e) Importer(815301076,1909f56bfc062723c751e8b465ee728b)
Start importing Assets/TowerDefense/Textures/Sprites/Towers/Unknown.png using Guid(ff443afbf318bd34d8be87da1fcd1e7e) Importer(815301076,1909f56bfc062723c751e8b465ee728b)  -> (artifact id: '1a49d32cfff086a405f1b8f6434a381f') in 0.038399 seconds 
========================================================================
Received Import Request.
  Time since last request: 0.000297 seconds.
  path: Assets/TowerDefense/Textures/Sprites/Towers/Towers.png
  artifactKey: Guid(2d97cb46c9f04974e82cefaf95c4cf81) Importer(815301076,1909f56bfc062723c751e8b465ee728b)
Start importing Assets/TowerDefense/Textures/Sprites/Towers/Towers.png using Guid(2d97cb46c9f04974e82cefaf95c4cf81) Importer(815301076,1909f56bfc062723c751e8b465ee728b)  -> (artifact id: '95ed9fb9ac61430aa2e22d5d91a2179d') in 0.187227 seconds 
========================================================================
Received Import Request.
  Time since last request: 0.000397 seconds.
  path: Assets/TowerDefense/Textures/Sprites/Towers/Building_ring_01.png
  artifactKey: Guid(1ea59e21ccdfb204cbead1f019a83ecb) Importer(815301076,1909f56bfc062723c751e8b465ee728b)
Start importing Assets/TowerDefense/Textures/Sprites/Towers/Building_ring_01.png using Guid(1ea59e21ccdfb204cbead1f019a83ecb) Importer(815301076,1909f56bfc062723c751e8b465ee728b)  -> (artifact id: '1bcbbf4869ef8980b537145986e8dc18') in 0.077923 seconds 
========================================================================
Received Import Request.
  Time since last request: 0.000385 seconds.
  path: Assets/TowerDefense/Textures/Sprites/Towers/Towers_Mirror_0.png
  artifactKey: Guid(d58f066055eec8d489fa1dc53c678c91) Importer(815301076,1909f56bfc062723c751e8b465ee728b)
Start importing Assets/TowerDefense/Textures/Sprites/Towers/Towers_Mirror_0.png using Guid(d58f066055eec8d489fa1dc53c678c91) Importer(815301076,1909f56bfc062723c751e8b465ee728b)  -> (artifact id: '266c4fb2e9e05cbf86d14651887820c7') in 0.178703 seconds 
========================================================================
Received Import Request.
  Time since last request: 0.000375 seconds.
  path: Assets/TowerDefense/Textures/Sprites/Towers/BuildingPlace.png
  artifactKey: Guid(d42be2f9ee60fe043b5d85d44d21e327) Importer(815301076,1909f56bfc062723c751e8b465ee728b)
Start importing Assets/TowerDefense/Textures/Sprites/Towers/BuildingPlace.png using Guid(d42be2f9ee60fe043b5d85d44d21e327) Importer(815301076,1909f56bfc062723c751e8b465ee728b)  -> (artifact id: 'b6beb013bd9be3ef58828aed2b14ecb3') in 0.060348 seconds 
========================================================================
Received Import Request.
  Time since last request: 0.000353 seconds.
  path: Assets/TowerDefense/Textures/Sprites/Towers/DefendPoint.png
  artifactKey: Guid(7d665f51bd67daa41bf26eafda6d8439) Importer(815301076,1909f56bfc062723c751e8b465ee728b)
Start importing Assets/TowerDefense/Textures/Sprites/Towers/DefendPoint.png using Guid(7d665f51bd67daa41bf26eafda6d8439) Importer(815301076,1909f56bfc062723c751e8b465ee728b)  -> (artifact id: '864decdcfb580da2267ffbcde5f8420f') in 0.052264 seconds 
AssetImportWorkerClient::OnTransportError - code=2 error=End of file
